0 info it worked if it ends with ok
1 verbose cli [ '/usr/bin/nodejs', '/usr/bin/npm', 'install', '-g', 'karma-cli' ]
2 info using npm@3.10.10
3 info using node@v6.9.4
4 silly loadCurrentTree Starting
5 silly install loadCurrentTree
6 silly install readGlobalPackageData
7 silly fetchPackageMetaData karma-cli
8 silly fetchNamedPackageData karma-cli
9 silly mapToRegistry name karma-cli
10 silly mapToRegistry using default registry
11 silly mapToRegistry registry https://registry.npmjs.org/
12 silly mapToRegistry data Result {
12 silly mapToRegistry   raw: 'karma-cli',
12 silly mapToRegistry   scope: null,
12 silly mapToRegistry   escapedName: 'karma-cli',
12 silly mapToRegistry   name: 'karma-cli',
12 silly mapToRegistry   rawSpec: '',
12 silly mapToRegistry   spec: 'latest',
12 silly mapToRegistry   type: 'tag' }
13 silly mapToRegistry uri https://registry.npmjs.org/karma-cli
14 verbose request uri https://registry.npmjs.org/karma-cli
15 verbose request no auth needed
16 info attempt registry request try #1 at 11:46:51 AM
17 verbose request id f05af8b093d6cb08
18 verbose etag W/"584ae159-4339"
19 verbose lastModified Fri, 09 Dec 2016 16:52:41 GMT
20 http request GET https://registry.npmjs.org/karma-cli
21 http 304 https://registry.npmjs.org/karma-cli
22 verbose headers { date: 'Mon, 16 Jan 2017 09:46:51 GMT',
22 verbose headers   via: '1.1 varnish',
22 verbose headers   'cache-control': 'max-age=300',
22 verbose headers   etag: 'W/"584ae159-4339"',
22 verbose headers   age: '4',
22 verbose headers   connection: 'keep-alive',
22 verbose headers   'x-served-by': 'cache-bma7030-BMA',
22 verbose headers   'x-cache': 'HIT',
22 verbose headers   'x-cache-hits': '1',
22 verbose headers   'x-timer': 'S1484560011.805365,VS0,VE0',
22 verbose headers   vary: 'Accept-Encoding' }
23 silly get cb [ 304,
23 silly get   { date: 'Mon, 16 Jan 2017 09:46:51 GMT',
23 silly get     via: '1.1 varnish',
23 silly get     'cache-control': 'max-age=300',
23 silly get     etag: 'W/"584ae159-4339"',
23 silly get     age: '4',
23 silly get     connection: 'keep-alive',
23 silly get     'x-served-by': 'cache-bma7030-BMA',
23 silly get     'x-cache': 'HIT',
23 silly get     'x-cache-hits': '1',
23 silly get     'x-timer': 'S1484560011.805365,VS0,VE0',
23 silly get     vary: 'Accept-Encoding' } ]
24 verbose etag https://registry.npmjs.org/karma-cli from cache
25 verbose get saving karma-cli to /home/simo/.npm/registry.npmjs.org/karma-cli/.cache.json
26 verbose correctMkdir /home/simo/.npm correctMkdir not in flight; initializing
27 silly install normalizeTree
28 silly loadCurrentTree Finishing
29 silly loadIdealTree Starting
30 silly install loadIdealTree
31 silly cloneCurrentTree Starting
32 silly install cloneCurrentTreeToIdealTree
33 silly cloneCurrentTree Finishing
34 silly loadShrinkwrap Starting
35 silly install loadShrinkwrap
36 silly loadShrinkwrap Finishing
37 silly loadAllDepsIntoIdealTree Starting
38 silly install loadAllDepsIntoIdealTree
39 silly resolveWithNewModule karma-cli@1.0.1 checking installable status
40 silly cache add args [ 'karma-cli', null ]
41 verbose cache add spec karma-cli
42 silly cache add parsed spec Result {
42 silly cache add   raw: 'karma-cli',
42 silly cache add   scope: null,
42 silly cache add   escapedName: 'karma-cli',
42 silly cache add   name: 'karma-cli',
42 silly cache add   rawSpec: '',
42 silly cache add   spec: 'latest',
42 silly cache add   type: 'tag' }
43 silly addNamed karma-cli@latest
44 verbose addNamed "latest" is being treated as a dist-tag for karma-cli
45 info addNameTag [ 'karma-cli', 'latest' ]
46 silly mapToRegistry name karma-cli
47 silly mapToRegistry using default registry
48 silly mapToRegistry registry https://registry.npmjs.org/
49 silly mapToRegistry data Result {
49 silly mapToRegistry   raw: 'karma-cli',
49 silly mapToRegistry   scope: null,
49 silly mapToRegistry   escapedName: 'karma-cli',
49 silly mapToRegistry   name: 'karma-cli',
49 silly mapToRegistry   rawSpec: '',
49 silly mapToRegistry   spec: 'latest',
49 silly mapToRegistry   type: 'tag' }
50 silly mapToRegistry uri https://registry.npmjs.org/karma-cli
51 verbose addNameTag registry:https://registry.npmjs.org/karma-cli not in flight; fetching
52 verbose get https://registry.npmjs.org/karma-cli not expired, no request
53 silly addNameTag next cb for karma-cli with tag latest
54 silly addNamed karma-cli@1.0.1
55 verbose addNamed "1.0.1" is a plain semver version for karma-cli
56 silly cache afterAdd karma-cli@1.0.1
57 verbose afterAdd /home/simo/.npm/karma-cli/1.0.1/package/package.json not in flight; writing
58 verbose correctMkdir /home/simo/.npm correctMkdir not in flight; initializing
59 verbose afterAdd /home/simo/.npm/karma-cli/1.0.1/package/package.json written
60 silly fetchNamedPackageData resolve
61 silly mapToRegistry name resolve
62 silly mapToRegistry using default registry
63 silly mapToRegistry registry https://registry.npmjs.org/
64 silly mapToRegistry data Result {
64 silly mapToRegistry   raw: 'resolve',
64 silly mapToRegistry   scope: null,
64 silly mapToRegistry   escapedName: 'resolve',
64 silly mapToRegistry   name: 'resolve',
64 silly mapToRegistry   rawSpec: '',
64 silly mapToRegistry   spec: 'latest',
64 silly mapToRegistry   type: 'tag' }
65 silly mapToRegistry uri https://registry.npmjs.org/resolve
66 verbose request uri https://registry.npmjs.org/resolve
67 verbose request no auth needed
68 info attempt registry request try #1 at 11:46:51 AM
69 verbose etag W/"58552958-b3a1"
70 verbose lastModified Sat, 17 Dec 2016 12:02:32 GMT
71 http request GET https://registry.npmjs.org/resolve
72 http 304 https://registry.npmjs.org/resolve
73 verbose headers { date: 'Mon, 16 Jan 2017 09:46:51 GMT',
73 verbose headers   via: '1.1 varnish',
73 verbose headers   'cache-control': 'max-age=300',
73 verbose headers   etag: 'W/"58552958-b3a1"',
73 verbose headers   age: '199',
73 verbose headers   connection: 'keep-alive',
73 verbose headers   'x-served-by': 'cache-bma7030-BMA',
73 verbose headers   'x-cache': 'HIT',
73 verbose headers   'x-cache-hits': '15',
73 verbose headers   'x-timer': 'S1484560011.933570,VS0,VE0',
73 verbose headers   vary: 'Accept-Encoding' }
74 silly get cb [ 304,
74 silly get   { date: 'Mon, 16 Jan 2017 09:46:51 GMT',
74 silly get     via: '1.1 varnish',
74 silly get     'cache-control': 'max-age=300',
74 silly get     etag: 'W/"58552958-b3a1"',
74 silly get     age: '199',
74 silly get     connection: 'keep-alive',
74 silly get     'x-served-by': 'cache-bma7030-BMA',
74 silly get     'x-cache': 'HIT',
74 silly get     'x-cache-hits': '15',
74 silly get     'x-timer': 'S1484560011.933570,VS0,VE0',
74 silly get     vary: 'Accept-Encoding' } ]
75 verbose etag https://registry.npmjs.org/resolve from cache
76 verbose get saving resolve to /home/simo/.npm/registry.npmjs.org/resolve/.cache.json
77 verbose correctMkdir /home/simo/.npm correctMkdir not in flight; initializing
78 silly resolveWithNewModule resolve@1.2.0 checking installable status
79 silly cache add args [ 'resolve@^1.1.6', null ]
80 verbose cache add spec resolve@^1.1.6
81 silly cache add parsed spec Result {
81 silly cache add   raw: 'resolve@^1.1.6',
81 silly cache add   scope: null,
81 silly cache add   escapedName: 'resolve',
81 silly cache add   name: 'resolve',
81 silly cache add   rawSpec: '^1.1.6',
81 silly cache add   spec: '>=1.1.6 <2.0.0',
81 silly cache add   type: 'range' }
82 silly addNamed resolve@>=1.1.6 <2.0.0
83 verbose addNamed ">=1.1.6 <2.0.0" is a valid semver range for resolve
84 silly addNameRange { name: 'resolve', range: '>=1.1.6 <2.0.0', hasData: false }
85 silly mapToRegistry name resolve
86 silly mapToRegistry using default registry
87 silly mapToRegistry registry https://registry.npmjs.org/
88 silly mapToRegistry data Result {
88 silly mapToRegistry   raw: 'resolve',
88 silly mapToRegistry   scope: null,
88 silly mapToRegistry   escapedName: 'resolve',
88 silly mapToRegistry   name: 'resolve',
88 silly mapToRegistry   rawSpec: '',
88 silly mapToRegistry   spec: 'latest',
88 silly mapToRegistry   type: 'tag' }
89 silly mapToRegistry uri https://registry.npmjs.org/resolve
90 verbose addNameRange registry:https://registry.npmjs.org/resolve not in flight; fetching
91 verbose get https://registry.npmjs.org/resolve not expired, no request
92 silly addNameRange number 2 { name: 'resolve', range: '>=1.1.6 <2.0.0', hasData: true }
93 silly addNameRange versions [ 'resolve',
93 silly addNameRange   [ '0.0.0',
93 silly addNameRange     '0.0.1',
93 silly addNameRange     '0.0.2',
93 silly addNameRange     '0.0.3',
93 silly addNameRange     '0.0.4',
93 silly addNameRange     '0.1.0',
93 silly addNameRange     '0.1.2',
93 silly addNameRange     '0.1.3',
93 silly addNameRange     '0.2.0',
93 silly addNameRange     '0.2.1',
93 silly addNameRange     '0.2.2',
93 silly addNameRange     '0.2.3',
93 silly addNameRange     '0.2.4',
93 silly addNameRange     '0.2.5',
93 silly addNameRange     '0.2.6',
93 silly addNameRange     '0.2.7',
93 silly addNameRange     '0.2.8',
93 silly addNameRange     '0.3.0',
93 silly addNameRange     '0.3.1',
93 silly addNameRange     '0.4.0',
93 silly addNameRange     '0.4.1',
93 silly addNameRange     '0.4.2',
93 silly addNameRange     '0.4.3',
93 silly addNameRange     '0.5.0',
93 silly addNameRange     '0.5.1',
93 silly addNameRange     '0.6.0',
93 silly addNameRange     '0.6.1',
93 silly addNameRange     '0.6.2',
93 silly addNameRange     '0.6.3',
93 silly addNameRange     '0.7.0',
93 silly addNameRange     '0.7.1',
93 silly addNameRange     '0.7.2',
93 silly addNameRange     '0.7.3',
93 silly addNameRange     '0.7.4',
93 silly addNameRange     '1.0.0',
93 silly addNameRange     '1.1.0',
93 silly addNameRange     '1.1.2',
93 silly addNameRange     '1.1.3',
93 silly addNameRange     '1.1.4',
93 silly addNameRange     '1.1.5',
93 silly addNameRange     '1.1.6',
93 silly addNameRange     '1.1.7',
93 silly addNameRange     '1.2.0' ] ]
94 silly addNamed resolve@1.2.0
95 verbose addNamed "1.2.0" is a plain semver version for resolve
96 silly cache afterAdd resolve@1.2.0
97 verbose afterAdd /home/simo/.npm/resolve/1.2.0/package/package.json not in flight; writing
98 verbose correctMkdir /home/simo/.npm correctMkdir not in flight; initializing
99 verbose afterAdd /home/simo/.npm/resolve/1.2.0/package/package.json written
100 silly loadAllDepsIntoIdealTree Finishing
101 silly loadIdealTree Finishing
102 silly currentTree lib
102 silly currentTree └─┬ karma-cli@1.0.1
102 silly currentTree   └── resolve@1.2.0
103 silly idealTree lib
103 silly idealTree └─┬ karma-cli@1.0.1
103 silly idealTree   └── resolve@1.2.0
104 silly generateActionsToTake Starting
105 silly install generateActionsToTake
106 warn checkPermissions Missing write access to /usr/lib/node_modules/karma-cli
107 warn checkPermissions Missing write access to /usr/lib/node_modules
108 silly rollbackFailedOptional Starting
109 silly rollbackFailedOptional Finishing
110 silly runTopLevelLifecycles Finishing
111 silly install printInstalled
112 verbose stack Error: EACCES: permission denied, access '/usr/lib/node_modules/karma-cli'
112 verbose stack     at Error (native)
113 verbose cwd /home/simo/Jamk-IT-Tuntikirjaus/meet-irl
114 error Linux 4.4.0-59-generic
115 error argv "/usr/bin/nodejs" "/usr/bin/npm" "install" "-g" "karma-cli"
116 error node v6.9.4
117 error npm  v3.10.10
118 error path /usr/lib/node_modules/karma-cli
119 error code EACCES
120 error errno -13
121 error syscall access
122 error Error: EACCES: permission denied, access '/usr/lib/node_modules/karma-cli'
122 error     at Error (native)
122 error  { Error: EACCES: permission denied, access '/usr/lib/node_modules/karma-cli'
122 error     at Error (native)
122 error   errno: -13,
122 error   code: 'EACCES',
122 error   syscall: 'access',
122 error   path: '/usr/lib/node_modules/karma-cli' }
123 error Please try running this command again as root/Administrator.
124 verbose exit [ -13, true ]
